<?xml version="1.0" encoding="UTF-8"?>
<!-- Generated by org.testng.reporters.JUnitXMLReporter -->
<testsuite ignored="24" hostname="PS040" failures="0" tests="14" name="Test" time="799.608" errors="0" timestamp="2025-06-17T14:42:36 IST">
  <testcase classname="com.test.LoginTest" name="Login" time="0.411"/>
  <testcase classname="IndividualFlows.FednowBatchTest" name="Batchcreation" time="23.719"/>
  <testcase classname="IndividualFlows.Reports_AccountReportingFednow" name="AccountReportingTest_FedNow" time="82.865"/>
  <testcase classname="IndividualFlows.Reports_RetrivalRequestFednow" name="RetrivalRequestTest_FedNow" time="28.117"/>
  <testcase classname="IndividualFlows.Reports_BroadcastMessagesFednow" name="BroadcastMessages_FedNow_PB" time="21.951"/>
  <testcase classname="IndividualFlows.Reports_ParticipantFileFednow" name="ParticipantFile_FedNow" time="19.489"/>
  <testcase classname="IndividualFlows.Fednow_ExecutionsSummary" name="FednowBatchExecutionSummaryResults" time="63.834"/>
  <testcase classname="IndividualFlows.FedwireBatchTest" name="Batchcreation" time="2.166"/>
  <testcase classname="IndividualFlows.Reports_AccountReportingFedwire" name="AccountReportingTest_Fedwire" time="375.274"/>
  <testcase classname="IndividualFlows.Reports_RetrivalRequestFedwire" name="RetrivalRequestTest_Fedwire" time="25.847"/>
  <testcase classname="IndividualFlows.Reports_BroadcastMessagesFedwire" name="BroadcastMessages_Fedwire_PB" time="21.311"/>
  <testcase classname="IndividualFlows.Reports_BroadcastMessagesFedwire" name="BroadcastMessages_Fedwire_FB" time="44.504"/>
  <testcase classname="IndividualFlows.Reports_ParticipantFileFedwire" name="ParticipantFile_Fedwire" time="23.027"/>
  <testcase classname="IndividualFlows.Fedwire_ExecutionsSummaryTest" name="FedwireBatchExecutionSummaryResults" time="67.026"/>
  <testcase classname="base.BaseClass" name="@AfterSuite tearDown" time="0.0">
    <ignored/>
  </testcase> <!-- @AfterSuite tearDown -->
  <testcase classname="base.BaseClass" name="@BeforeSuite setup" time="0.0">
    <ignored/>
  </testcase> <!-- @BeforeSuite setup -->
  <testcase classname="base.BaseClass" name="@AfterSuite tearDown" time="0.0">
    <ignored/>
  </testcase> <!-- @AfterSuite tearDown -->
  <testcase classname="base.BaseClass" name="@BeforeSuite setup" time="0.0">
    <ignored/>
  </testcase> <!-- @BeforeSuite setup -->
  <testcase classname="base.BaseClass" name="@AfterSuite tearDown" time="0.0">
    <ignored/>
  </testcase> <!-- @AfterSuite tearDown -->
  <testcase classname="base.BaseClass" name="@BeforeSuite setup" time="0.0">
    <ignored/>
  </testcase> <!-- @BeforeSuite setup -->
  <testcase classname="base.BaseClass" name="@BeforeSuite setup" time="0.0">
    <ignored/>
  </testcase> <!-- @BeforeSuite setup -->
  <testcase classname="base.BaseClass" name="@AfterSuite tearDown" time="0.0">
    <ignored/>
  </testcase> <!-- @AfterSuite tearDown -->
  <testcase classname="base.BaseClass" name="@AfterSuite tearDown" time="0.0">
    <ignored/>
  </testcase> <!-- @AfterSuite tearDown -->
  <testcase classname="base.BaseClass" name="@BeforeSuite setup" time="0.0">
    <ignored/>
  </testcase> <!-- @BeforeSuite setup -->
  <testcase classname="base.BaseClass" name="@AfterSuite tearDown" time="0.0">
    <ignored/>
  </testcase> <!-- @AfterSuite tearDown -->
  <testcase classname="base.BaseClass" name="@AfterSuite tearDown" time="0.0">
    <ignored/>
  </testcase> <!-- @AfterSuite tearDown -->
  <testcase classname="base.BaseClass" name="@AfterSuite tearDown" time="0.0">
    <ignored/>
  </testcase> <!-- @AfterSuite tearDown -->
  <testcase classname="base.BaseClass" name="@BeforeSuite setup" time="0.0">
    <ignored/>
  </testcase> <!-- @BeforeSuite setup -->
  <testcase classname="base.BaseClass" name="@AfterSuite tearDown" time="0.0">
    <ignored/>
  </testcase> <!-- @AfterSuite tearDown -->
  <testcase classname="base.BaseClass" name="@BeforeSuite setup" time="0.0">
    <ignored/>
  </testcase> <!-- @BeforeSuite setup -->
  <testcase classname="base.BaseClass" name="@BeforeSuite setup" time="0.0">
    <ignored/>
  </testcase> <!-- @BeforeSuite setup -->
  <testcase classname="base.BaseClass" name="@AfterSuite tearDown" time="0.0">
    <ignored/>
  </testcase> <!-- @AfterSuite tearDown -->
  <testcase classname="base.BaseClass" name="@BeforeSuite setup" time="0.0">
    <ignored/>
  </testcase> <!-- @BeforeSuite setup -->
  <testcase classname="base.BaseClass" name="@BeforeSuite setup" time="0.0">
    <ignored/>
  </testcase> <!-- @BeforeSuite setup -->
  <testcase classname="base.BaseClass" name="@BeforeSuite setup" time="0.0">
    <ignored/>
  </testcase> <!-- @BeforeSuite setup -->
  <testcase classname="base.BaseClass" name="@AfterSuite tearDown" time="0.0">
    <ignored/>
  </testcase> <!-- @AfterSuite tearDown -->
  <testcase classname="base.BaseClass" name="@BeforeSuite setup" time="0.0">
    <ignored/>
  </testcase> <!-- @BeforeSuite setup -->
  <testcase classname="base.BaseClass" name="@AfterSuite tearDown" time="0.0">
    <ignored/>
  </testcase> <!-- @AfterSuite tearDown -->
</testsuite> <!-- Test -->
