<?xml version="1.0" encoding="UTF-8"?>
<!-- Generated by org.testng.reporters.JUnitXMLReporter -->
<testsuite ignored="12" hostname="DESKTOP-P3TT7KC" failures="0" tests="7" name="Test" time="354.427" errors="0" timestamp="2025-07-22T12:30:19 IST">
  <testcase classname="com.test.LoginTest" name="Login" time="0.628"/>
  <testcase classname="IndividualFlows.FednowBatchTest" name="Batchcreation" time="6.278"/>
  <testcase classname="IndividualFlows.Reports_AccountReportingFednow" name="AccountReportingTest_FedNow" time="201.155"/>
  <testcase classname="IndividualFlows.Reports_RetrivalRequestFednow" name="RetrivalRequestTest_FedNow" time="27.688"/>
  <testcase classname="IndividualFlows.Reports_BroadcastMessagesFednow" name="BroadcastMessages_FedNow_PB" time="22.929"/>
  <testcase classname="IndividualFlows.Reports_ParticipantFileFednow" name="ParticipantFile_FedNow" time="19.767"/>
  <testcase classname="IndividualFlows.Fednow_ExecutionsSummary" name="FednowBatchExecutionSummaryResults" time="75.889"/>
  <testcase classname="base.BaseClass" name="@AfterSuite tearDown" time="0.0">
    <ignored/>
  </testcase> <!-- @AfterSuite tearDown -->
  <testcase classname="base.BaseClass" name="@BeforeSuite setup" time="0.0">
    <ignored/>
  </testcase> <!-- @BeforeSuite setup -->
  <testcase classname="base.BaseClass" name="@BeforeSuite setup" time="0.0">
    <ignored/>
  </testcase> <!-- @BeforeSuite setup -->
  <testcase classname="base.BaseClass" name="@AfterSuite tearDown" time="0.0">
    <ignored/>
  </testcase> <!-- @AfterSuite tearDown -->
  <testcase classname="base.BaseClass" name="@AfterSuite tearDown" time="0.0">
    <ignored/>
  </testcase> <!-- @AfterSuite tearDown -->
  <testcase classname="base.BaseClass" name="@BeforeSuite setup" time="0.0">
    <ignored/>
  </testcase> <!-- @BeforeSuite setup -->
  <testcase classname="base.BaseClass" name="@BeforeSuite setup" time="0.0">
    <ignored/>
  </testcase> <!-- @BeforeSuite setup -->
  <testcase classname="base.BaseClass" name="@BeforeSuite setup" time="0.0">
    <ignored/>
  </testcase> <!-- @BeforeSuite setup -->
  <testcase classname="base.BaseClass" name="@AfterSuite tearDown" time="0.0">
    <ignored/>
  </testcase> <!-- @AfterSuite tearDown -->
  <testcase classname="base.BaseClass" name="@AfterSuite tearDown" time="0.0">
    <ignored/>
  </testcase> <!-- @AfterSuite tearDown -->
  <testcase classname="base.BaseClass" name="@BeforeSuite setup" time="0.0">
    <ignored/>
  </testcase> <!-- @BeforeSuite setup -->
  <testcase classname="base.BaseClass" name="@AfterSuite tearDown" time="0.0">
    <ignored/>
  </testcase> <!-- @AfterSuite tearDown -->
</testsuite> <!-- Test -->
